00:00:00.001720 main     VirtualBox COM Server 6.1.38 r153438 win.amd64 (Sep  1 2022 14:20:23) release log
00:00:00.001722 main     Log opened 2022-10-26T13:24:43.088824100Z
00:00:00.001722 main     Build Type: release
00:00:00.001726 main     OS Product: Windows 11
00:00:00.001727 main     OS Release: 10.0.22000
00:00:00.001727 main     OS Service Pack: 
00:00:00.017275 main     DMI Product Name: Nitro AN515-54
00:00:00.025259 main     DMI Product Version: V1.31
00:00:00.025265 main     Firmware type: UEFI
00:00:00.025884 main     Secure Boot: Enabled
00:00:00.025896 main     Host RAM: 16221MB (15.8GB) total, 8158MB (7.9GB) available
00:00:00.025907 main     Executable: C:\Program Files\Oracle\VirtualBox\VBoxSVC.exe
00:00:00.025908 main     Process ID: 6252
00:00:00.025908 main     Package type: WINDOWS_64BITS_GENERIC
00:00:00.070230          VirtualBox: object creation starts
00:00:00.070374          Home directory: 'C:\Users\User\.VirtualBox'
00:00:00.070456          Installed Drivers:
00:00:00.072379            C:\WINDOWS\system32\DRIVERS\VBoxNetLwf.sys (Version: 6.1.38.3438)
00:00:00.072853            C:\WINDOWS\system32\DRIVERS\VBoxUSBMon.sys (Version: 6.1.38.3438)
00:00:00.073158            C:\WINDOWS\system32\DRIVERS\VBoxSup.sys (Version: 6.1.38.3438)
00:00:00.073614            C:\WINDOWS\system32\DRIVERS\VBoxNetAdp6.sys (Version: 6.1.38.3438)
00:00:00.079914          Loading settings file "C:\Users\User\.VirtualBox\VirtualBox.xml" with version "1.12-windows"
00:00:00.082255          usbLibGetDevices: Starting USB device enumeration
00:00:00.083679          Getting USB descriptor (id 0) failed (dwErr=31) on hub USB#ROOT_HUB30#4&2f349be3&0&0#{f18a0e88-c30c-11d0-8815-00a0c906bed8} port 5
00:00:00.083730          Getting USB descriptor (id 0) failed (dwErr=31) on hub USB#ROOT_HUB30#4&2f349be3&0&0#{f18a0e88-c30c-11d0-8815-00a0c906bed8} port 14
00:00:00.084962          usbLibGetDevices: Found 3 USB devices, 0 captured
00:00:00.084998          USB: Unknown USB device detected (idVendor: 0x0408, idProduct: 0xa061)
00:00:00.085021          USB: Unknown USB device detected (idVendor: 0x4e53, idProduct: 0x5407)
00:00:00.085032          USB: Unknown USB device detected (idVendor: 0x8087, idProduct: 0x0029)
00:00:00.201013          HostDnsMonitor: initializing
00:00:00.206300          HostDnsMonitor: updating information
00:00:00.206334          HostDnsMonitor: old information
00:00:00.206335            no server entries
00:00:00.206336            no domain set
00:00:00.206336            no search string entries
00:00:00.206337          HostDnsMonitor: new information
00:00:00.206337            server 1: 192.168.0.1
00:00:00.206338            no domain set
00:00:00.206339            no search string entries
00:00:00.354489          VD: VDInit finished with VINF_SUCCESS
00:00:00.355291          ERROR [COM]: aRC=E_FAIL (0x80004005) aIID={85632c68-b5bb-4316-a900-5eb28d3413df} aComponent={MachineWrap} aText={Runtime error opening 'D:\VirtualBox\Windows Test\Windows Test.vbox' for reading: -103 (Path not found.).
00:00:00.355315          F:\tinderbox\win-6.1\src\VBox\Main\src-server\MachineImpl.cpp[754] (long __cdecl Machine::i_registeredInit(void))}, preserve=false aResultDetail=0
00:00:00.375358          OCI: Local config file 'C:\Users\User\.VirtualBox\oci_config' does not exist
00:00:00.375427          OCI: Original config file 'C:\Users\User\.oci\config' does not exist
00:00:00.375428          OCI: Reading profiles finished with status ERROR_SUCCESS
00:00:00.375433          ExtPack: Created cloud provider 'OCI' (hrc=ERROR_SUCCESS)
00:00:00.375459          VirtualBox: object created
00:00:00.992950          ERROR [COM]: aRC=E_FAIL (0x80004005) aIID={85632c68-b5bb-4316-a900-5eb28d3413df} aComponent={MachineWrap} aText={Runtime error opening 'D:\VirtualBox\Windows Test\Windows Test.vbox' for reading: -103 (Path not found.).
00:00:00.992959          F:\tinderbox\win-6.1\src\VBox\Main\src-server\MachineImpl.cpp[754] (long __cdecl Machine::i_registeredInit(void))}, preserve=false aResultDetail=0
00:00:00.994648          ERROR [COM]: aRC=E_FAIL (0x80004005) aIID={85632c68-b5bb-4316-a900-5eb28d3413df} aComponent={MachineWrap} aText={Runtime error opening 'D:\VirtualBox\Windows Test\Windows Test.vbox' for reading: -103 (Path not found.).
00:00:00.994656          F:\tinderbox\win-6.1\src\VBox\Main\src-server\MachineImpl.cpp[754] (long __cdecl Machine::i_registeredInit(void))}, preserve=false aResultDetail=0
00:00:00.998446          ERROR [COM]: aRC=E_FAIL (0x80004005) aIID={85632c68-b5bb-4316-a900-5eb28d3413df} aComponent={MachineWrap} aText={Runtime error opening 'D:\VirtualBox\Windows Test\Windows Test.vbox' for reading: -103 (Path not found.).
00:00:00.998454          F:\tinderbox\win-6.1\src\VBox\Main\src-server\MachineImpl.cpp[754] (long __cdecl Machine::i_registeredInit(void))}, preserve=false aResultDetail=0
00:00:03.937876          Saving settings file "C:\Users\User\.VirtualBox\VirtualBox.xml" with version "1.12-windows"
00:00:03.949284          Saving settings file "C:\Users\User\.VirtualBox\VirtualBox.xml" with version "1.12-windows"
00:00:04.917946          Saving settings file "C:\Users\User\.VirtualBox\VirtualBox.xml" with version "1.12-windows"
00:00:04.922063          Saving settings file "C:\Users\User\.VirtualBox\VirtualBox.xml" with version "1.12-windows"
00:00:10.456737 main     VirtualBox: object deletion starts
00:00:10.457480 main     HostDnsMonitor: shutting down ...
00:00:10.457536 main     HostDnsMonitor: shut down
00:00:10.459464 Watcher  ERROR [COM]: aRC=E_ACCESSDENIED (0x80070005) aIID={d0a0163f-e254-4e5b-a1f2-011cf991c38d} aComponent={VirtualBoxWrap} aText={The object is not ready}, preserve=false aResultDetail=0
00:00:10.459586 main     VirtualBox: object deleted
